2025-04-28 22:58:28,734 - INFO - Veritabaný baðlantýsý baþarýyla kuruldu
2025-04-28 22:59:10,025 - INFO - Yeni müþteri eklendi: yusuf söyüncü
2025-04-28 23:00:06,726 - INFO - maxp pruned
2025-04-28 23:00:06,726 - INFO - cmap pruned
2025-04-28 23:00:06,732 - INFO - kern dropped
2025-04-28 23:00:06,732 - INFO - post pruned
2025-04-28 23:00:06,734 - INFO - FFTM dropped
2025-04-28 23:00:06,735 - INFO - MATH dropped
2025-04-28 23:00:06,735 - INFO - GDEF dropped
2025-04-28 23:00:06,735 - INFO - GPOS dropped
2025-04-28 23:00:06,735 - INFO - GSUB dropped
2025-04-28 23:00:06,744 - INFO - glyf pruned
2025-04-28 23:00:06,748 - INFO - Added gid0 to subset
2025-04-28 23:00:06,748 - INFO - Added first four glyphs to subset
2025-04-28 23:00:06,749 - INFO - Closing glyph list over 'glyf': 40 glyphs before
2025-04-28 23:00:06,749 - INFO - Glyph names: ['.notdef', '.null', 'A', 'R', 'T', 'a', 'b', 'braceleft', 'braceright', 'colon', 'dotlessi', 'e', 'eight', 'five', 'four', 'gbreve', 'h', 'hyphen', 'i', 'l', 'm', 'n', 'nine', 'nonmarkingreturn', 'o', 'odieresis', 'one', 'p', 'period', 'r', 's', 'seven', 'six', 'space', 't', 'three', 'two', 'u', 'y', 'zero']
2025-04-28 23:00:06,749 - INFO - Glyph IDs:   [0, 1, 2, 3, 16, 17, 19, 20, 21, 22, 23, 24, 25, 26, 27, 28, 29, 36, 53, 55, 68, 69, 72, 75, 76, 79, 80, 81, 82, 83, 85, 86, 87, 88, 92, 94, 96, 184, 225, 243]
2025-04-28 23:00:06,750 - INFO - Closed glyph list over 'glyf': 43 glyphs after
2025-04-28 23:00:06,750 - INFO - Glyph names: ['.notdef', '.null', 'A', 'R', 'T', 'a', 'b', 'braceleft', 'braceright', 'breve', 'colon', 'dieresis', 'dotlessi', 'e', 'eight', 'five', 'four', 'g', 'gbreve', 'h', 'hyphen', 'i', 'l', 'm', 'n', 'nine', 'nonmarkingreturn', 'o', 'odieresis', 'one', 'p', 'period', 'r', 's', 'seven', 'six', 'space', 't', 'three', 'two', 'u', 'y', 'zero']
2025-04-28 23:00:06,750 - INFO - Glyph IDs:   [0, 1, 2, 3, 16, 17, 19, 20, 21, 22, 23, 24, 25, 26, 27, 28, 29, 36, 53, 55, 68, 69, 72, 74, 75, 76, 79, 80, 81, 82, 83, 85, 86, 87, 88, 92, 94, 96, 106, 184, 225, 243, 666]
2025-04-28 23:00:06,751 - INFO - Retaining 43 glyphs
2025-04-28 23:00:06,751 - INFO - head subsetting not needed
2025-04-28 23:00:06,751 - INFO - hhea subsetting not needed
2025-04-28 23:00:06,752 - INFO - maxp subsetting not needed
2025-04-28 23:00:06,752 - INFO - OS/2 subsetting not needed
2025-04-28 23:00:06,752 - INFO - hmtx subsetted
2025-04-28 23:00:06,757 - INFO - cmap subsetted
2025-04-28 23:00:06,757 - INFO - fpgm subsetting not needed
2025-04-28 23:00:06,757 - INFO - prep subsetting not needed
2025-04-28 23:00:06,757 - INFO - cvt  subsetting not needed
2025-04-28 23:00:06,758 - INFO - loca subsetting not needed
2025-04-28 23:00:06,758 - INFO - post subsetted
2025-04-28 23:00:06,758 - INFO - gasp subsetting not needed
2025-04-28 23:00:06,758 - INFO - name subsetting not needed
2025-04-28 23:00:06,760 - INFO - glyf subsetted
2025-04-28 23:00:06,761 - INFO - head pruned
2025-04-28 23:00:06,761 - INFO - OS/2 Unicode ranges pruned: [0, 1, 2]
2025-04-28 23:00:06,762 - INFO - OS/2 CodePage ranges pruned: [0]
2025-04-28 23:00:06,762 - INFO - glyf pruned
2025-04-28 23:00:06,763 - INFO - name pruned
2025-04-28 23:00:40,444 - INFO - Yeni müþteri eklendi: yusuf söyüncü
2025-04-28 23:02:20,765 - INFO - Veritabaný baðlantýsý kapatýldý
2025-04-28 23:02:26,450 - INFO - Veritabaný baðlantýsý baþarýyla kuruldu
2025-04-28 23:02:35,269 - INFO - Müþteri silindi: ID=2
2025-04-28 23:03:57,093 - INFO - Yeni tamir eklendi: Cihaz=tv, Müþteri ID=1
2025-04-28 23:04:51,811 - INFO - Veritabaný baðlantýsý kapatýldý
2025-04-28 23:04:56,620 - INFO - Veritabaný baðlantýsý baþarýyla kuruldu
2025-04-28 23:07:42,174 - INFO - Veritabaný baðlantýsý kapatýldý
2025-04-28 23:07:48,645 - INFO - Veritabaný baðlantýsý baþarýyla kuruldu
2025-04-28 23:07:57,828 - INFO - maxp pruned
2025-04-28 23:07:57,829 - INFO - cmap pruned
2025-04-28 23:07:57,835 - INFO - kern dropped
2025-04-28 23:07:57,836 - INFO - post pruned
2025-04-28 23:07:57,838 - INFO - FFTM dropped
2025-04-28 23:07:57,838 - INFO - MATH dropped
2025-04-28 23:07:57,838 - INFO - GDEF dropped
2025-04-28 23:07:57,838 - INFO - GPOS dropped
2025-04-28 23:07:57,839 - INFO - GSUB dropped
2025-04-28 23:07:57,847 - INFO - glyf pruned
2025-04-28 23:07:57,849 - INFO - Added gid0 to subset
2025-04-28 23:07:57,849 - INFO - Added first four glyphs to subset
2025-04-28 23:07:57,849 - INFO - Closing glyph list over 'glyf': 48 glyphs before
2025-04-28 23:07:57,850 - INFO - Glyph names: ['.notdef', '.null', 'A', 'D', 'M', 'R', 'T', 'a', 'b', 'braceleft', 'braceright', 'c', 'ccedilla', 'colon', 'dotlessi', 'e', 'eight', 'f', 'five', 'four', 'gbreve', 'h', 'hyphen', 'i', 'k', 'l', 'm', 'n', 'nine', 'nonmarkingreturn', 'o', 'odieresis', 'one', 'p', 'period', 'r', 's', 'scedilla', 'seven', 'six', 'space', 't', 'three', 'two', 'u', 'udieresis', 'y', 'zero']
2025-04-28 23:07:57,850 - INFO - Glyph IDs:   [0, 1, 2, 3, 16, 17, 19, 20, 21, 22, 23, 24, 25, 26, 27, 28, 29, 36, 39, 48, 53, 55, 68, 69, 70, 72, 73, 75, 76, 78, 79, 80, 81, 82, 83, 85, 86, 87, 88, 92, 94, 96, 169, 184, 190, 225, 243, 289]
2025-04-28 23:07:57,850 - INFO - Closed glyph list over 'glyf': 52 glyphs after
2025-04-28 23:07:57,850 - INFO - Glyph names: ['.notdef', '.null', 'A', 'D', 'M', 'R', 'T', 'a', 'b', 'braceleft', 'braceright', 'breve', 'c', 'ccedilla', 'cedilla', 'colon', 'dieresis', 'dotlessi', 'e', 'eight', 'f', 'five', 'four', 'g', 'gbreve', 'h', 'hyphen', 'i', 'k', 'l', 'm', 'n', 'nine', 'nonmarkingreturn', 'o', 'odieresis', 'one', 'p', 'period', 'r', 's', 'scedilla', 'seven', 'six', 'space', 't', 'three', 'two', 'u', 'udieresis', 'y', 'zero']
2025-04-28 23:07:57,851 - INFO - Glyph IDs:   [0, 1, 2, 3, 16, 17, 19, 20, 21, 22, 23, 24, 25, 26, 27, 28, 29, 36, 39, 48, 53, 55, 68, 69, 70, 72, 73, 74, 75, 76, 78, 79, 80, 81, 82, 83, 85, 86, 87, 88, 92, 94, 96, 106, 122, 169, 184, 190, 225, 243, 289, 666]
2025-04-28 23:07:57,851 - INFO - Retaining 52 glyphs
2025-04-28 23:07:57,852 - INFO - head subsetting not needed
2025-04-28 23:07:57,852 - INFO - hhea subsetting not needed
2025-04-28 23:07:57,852 - INFO - maxp subsetting not needed
2025-04-28 23:07:57,852 - INFO - OS/2 subsetting not needed
2025-04-28 23:07:57,853 - INFO - hmtx subsetted
2025-04-28 23:07:57,858 - INFO - cmap subsetted
2025-04-28 23:07:57,859 - INFO - fpgm subsetting not needed
2025-04-28 23:07:57,859 - INFO - prep subsetting not needed
2025-04-28 23:07:57,859 - INFO - cvt  subsetting not needed
2025-04-28 23:07:57,859 - INFO - loca subsetting not needed
2025-04-28 23:07:57,859 - INFO - post subsetted
2025-04-28 23:07:57,860 - INFO - gasp subsetting not needed
2025-04-28 23:07:57,860 - INFO - name subsetting not needed
2025-04-28 23:07:57,862 - INFO - glyf subsetted
2025-04-28 23:07:57,863 - INFO - head pruned
2025-04-28 23:07:57,863 - INFO - OS/2 Unicode ranges pruned: [0, 1, 2]
2025-04-28 23:07:57,864 - INFO - OS/2 CodePage ranges pruned: [0]
2025-04-28 23:07:57,865 - INFO - glyf pruned
2025-04-28 23:07:57,865 - INFO - name pruned
2025-04-28 23:21:14,267 - INFO - Veritabaný baðlantýsý kapatýldý
2025-04-28 23:23:51,313 - INFO - Veritabaný baðlantýsý baþarýyla kuruldu
2025-04-28 23:24:25,771 - INFO - Veritabaný baðlantýsý baþarýyla kuruldu
2025-04-28 23:24:25,844 - INFO - Otomatik yedekleme zamanlayýcýsý baþlatýldý
2025-04-28 23:38:38,981 - INFO - E-posta ayarlarý güncellendi
2025-04-28 23:38:39,896 - ERROR - E-posta baðlantý hatasý: (535, b'5.7.8 Username and Password not accepted. For more information, go to\n5.7.8  https://support.google.com/mail/?p=BadCredentials a640c23a62f3a-acec0530c37sm77028366b.136 - gsmtp')
2025-04-28 23:38:43,560 - INFO - Veritabaný yedeklendi: C:\works\python\web_ui\data\backups\tamir_atolyesi_20250428_233843.db
2025-04-28 23:38:44,309 - ERROR - Yedek gönderme hatasý: (535, b'5.7.8 Username and Password not accepted. For more information, go to\n5.7.8  https://support.google.com/mail/?p=BadCredentials a640c23a62f3a-ace6edb0f40sm679577166b.174 - gsmtp')
2025-04-29 00:00:57,605 - INFO - E-posta ayarlarý güncellendi
2025-04-29 00:00:58,662 - ERROR - E-posta baðlantý hatasý: (535, b'5.7.8 Username and Password not accepted. For more information, go to\n5.7.8  https://support.google.com/mail/?p=BadCredentials a640c23a62f3a-ace6e41cf4esm670384966b.29 - gsmtp')
2025-04-29 00:07:35,282 - INFO - E-posta ayarlarý güncellendi
2025-04-29 00:07:36,318 - ERROR - E-posta baðlantý hatasý: (534, b'5.7.9 Application-specific password required. For more information, go to\n5.7.9  https://support.google.com/mail/?p=InvalidSecondFactor 4fb4d7f45d1cf-5f7f81f4dc1sm1544975a12.5 - gsmtp')
2025-04-29 00:08:47,881 - INFO - E-posta ayarlarý güncellendi
2025-04-29 00:08:49,027 - ERROR - E-posta baðlantý hatasý: (535, b'5.7.8 Username and Password not accepted. For more information, go to\n5.7.8  https://support.google.com/mail/?p=BadCredentials a640c23a62f3a-aceca659fa6sm2169766b.111 - gsmtp')
2025-04-29 00:18:56,984 - INFO - Veritabaný baðlantýsý baþarýyla kuruldu
2025-04-29 00:18:57,012 - INFO - Otomatik yedekleme zamanlayýcýsý baþlatýldý
2025-04-29 00:19:05,391 - INFO - E-posta ayarlarý güncellendi
2025-04-29 00:19:09,513 - INFO - E-posta ayarlarý güncellendi
2025-04-29 00:19:41,476 - INFO - Veritabaný yedeklendi: C:\works\python\web_ui\data\backups\tamir_atolyesi_20250429_001941.db
2025-04-29 00:19:43,189 - INFO - Veritabaný yedeði e-posta ile gönderildi: mehmetsaidozsoy@gmail.com
2025-04-29 00:24:57,017 - INFO - Otomatik yedekleme zamanlayýcýsý durduruldu
2025-04-29 00:24:57,017 - INFO - Veritabaný baðlantýsý kapatýldý
2025-04-29 00:29:08,468 - INFO - Veritabaný baðlantýsý baþarýyla kuruldu
2025-04-29 00:29:08,534 - INFO - Otomatik yedekleme zamanlayýcýsý baþlatýldý
2025-04-29 00:29:55,836 - INFO - Veritabaný yedeklendi: C:\works\python\web_ui\data\backups\tamir_atolyesi_20250429_002955.db
2025-04-29 00:29:58,451 - INFO - Veritabaný yedeði e-posta ile gönderildi: mehmetsaidozsoy@gmail.com
2025-04-29 00:33:08,540 - INFO - Otomatik yedekleme zamanlayýcýsý durduruldu
2025-04-29 00:33:08,541 - INFO - Veritabaný baðlantýsý kapatýldý
